<?xml version="1.0" encoding="UTF-8" ?>
<testsuite errors="0" failures="0" hostname="DevOps-VDI1" name="com.devops.alltests.JunitTestSuite" skipped="0" tests="14" time="0.164" timestamp="2016-04-18T02:23:35">
  <properties>
    <property name="java.vendor" value="Oracle Corporation" />
    <property name="sun.java.launcher" value="SUN_STANDARD" />
    <property name="sun.management.compiler" value="HotSpot Client Compiler" />
    <property name="env.PROMPT" value="$P$G" />
    <property name="os.name" value="Windows 7" />
    <property name="env.FP_NO_HOST_CHECK" value="NO" />
    <property name="sun.boot.class.path" value="C:\Program Files\Java\jdk1.7.0_60\jre\lib\resources.jar;C:\Program Files\Java\jdk1.7.0_60\jre\lib\rt.jar;C:\Program Files\Java\jdk1.7.0_60\jre\lib\sunrsasign.jar;C:\Program Files\Java\jdk1.7.0_60\jre\lib\jsse.jar;C:\Program Files\Java\jdk1.7.0_60\jre\lib\jce.jar;C:\Program Files\Java\jdk1.7.0_60\jre\lib\charsets.jar;C:\Program Files\Java\jdk1.7.0_60\jre\lib\jfr.jar;C:\Program Files\Java\jdk1.7.0_60\jre\classes" />
    <property name="env.COMPUTERNAME" value="DEVOPS-VDI1" />
    <property name="env.ALLUSERSPROFILE" value="C:\ProgramData" />
    <property name="env.SONAR_RUNNER_HOME" value="C:\SW\SonarInstallation\sonar-runner-dist-2.4\sonar-runner-2.4" />
    <property name="sun.desktop" value="windows" />
    <property name="java.vm.specification.vendor" value="Oracle Corporation" />
    <property name="ant.home" value="C:\apache-ant-1.9.5" />
    <property name="java.runtime.version" value="1.7.0_60-b19" />
    <property name="env.HOMEPATH" value="\Users\Admin" />
    <property name="user.name" value="Admin" />
    <property name="user.language" value="en" />
    <property name="sun.boot.library.path" value="C:\Program Files\Java\jdk1.7.0_60\jre\bin" />
    <property name="ant.project.default-target" value="build" />
    <property name="ant.project.name" value="mobilestashrepoprj" />
    <property name="java.version" value="1.7.0_60" />
    <property name="env.PROCESSOR_IDENTIFIER" value="x86 Family 6 Model 62 Stepping 4, GenuineIntel" />
    <property name="user.timezone" value="" />
    <property name="env.CLIENTNAME" value="MWDBCOERDS" />
    <property name="env.TEMP" value="C:\Users\Admin\AppData\Local\Temp" />
    <property name="sun.arch.data.model" value="32" />
    <property name="java.endorsed.dirs" value="C:\Program Files\Java\jdk1.7.0_60\jre\lib\endorsed" />
    <property name="env._JAVACMD" value="C:\Program Files\Java\jdk1.7.0_60\bin\java.exe" />
    <property name="sun.cpu.isalist" value="pentium_pro+mmx pentium_pro pentium+mmx pentium i486 i386 i86" />
    <property name="env.HOMEDRIVE" value="C:" />
    <property name="sun.jnu.encoding" value="Cp1252" />
    <property name="file.encoding.pkg" value="sun.io" />
    <property name="file.separator" value="\" />
    <property name="java.specification.name" value="Java Platform API Specification" />
    <property name="java.class.version" value="51.0" />
    <property name="user.country" value="US" />
    <property name="java.home" value="C:\Program Files\Java\jdk1.7.0_60\jre" />
    <property name="env.PSModulePath" value="C:\Windows\system32\WindowsPowerShell\v1.0\Modules\" />
    <property name="env.APPDATA" value="C:\Users\Admin\AppData\Roaming" />
    <property name="env.PUBLIC" value="C:\Users\Public" />
    <property name="java.vm.info" value="mixed mode, sharing" />
    <property name="env.ComSpec" value="C:\Windows\system32\cmd.exe" />
    <property name="env.OS" value="Windows_NT" />
    <property name="env.CommonProgramFiles" value="C:\Program Files\Common Files" />
    <property name="ant.file" value="C:\gautam\devops\local-repo\mobilestashrepo\build.xml" />
    <property name="os.version" value="6.1" />
    <property name="env.=ExitCode" value="00000002" />
    <property name="env._USE_CLASSPATH" value="no" />
    <property name="env.=::" value="::\" />
    <property name="path.separator" value=";" />
    <property name="java.vm.version" value="24.60-b09" />
    <property name="user.variant" value="" />
    <property name="env.USERPROFILE" value="C:\Users\Admin" />
    <property name="ant.library.dir" value="C:\apache-ant-1.9.5\lib" />
    <property name="junit.output.dir" value="junit" />
    <property name="env.JAVA_HOME" value="C:\Program Files\Java\jdk1.7.0_60" />
    <property name="java.awt.printerjob" value="sun.awt.windows.WPrinterJob" />
    <property name="env.TMP" value="C:\Users\Admin\AppData\Local\Temp" />
    <property name="sun.io.unicode.encoding" value="UnicodeLittle" />
    <property name="awt.toolkit" value="sun.awt.windows.WToolkit" />
    <property name="user.script" value="" />
    <property name="user.home" value="C:\Users\Admin" />
    <property name="target" value="1.7" />
    <property name="env.ProgramData" value="C:\ProgramData" />
    <property name="env.SESSIONNAME" value="RDP-Tcp#0" />
    <property name="java.specification.vendor" value="Oracle Corporation" />
    <property name="env.M2_HOME" value="C:\SW\DevOps_Net\apache-maven-3.3.3" />
    <property name="env.NUMBER_OF_PROCESSORS" value="1" />
    <property name="java.library.path" value="C:\Program Files\Java\jdk1.7.0_60\jre\bin;C:\Windows\Sun\Java\bin;C:\Windows\system32;C:\Windows;C:\ProgramData\Oracle\Java\javapath;C:\Windows\system32;C:\Windows;C:\Windows\System32\Wbem;C:\Windows\System32\WindowsPowerShell\v1.0\;c:\Program Files\Microsoft SQL Server\100\Tools\Binn\;c:\Program Files\Microsoft SQL Server\100\DTS\Binn\;C:\Program Files\GitExtensions\;C:\SW\SonarInstallation\sonar-runner-dist-2.4\sonar-runner-2.4\bin;C:\Program Files\Git\bin\;C:\apache-ant-1.9.5\bin;C:\Program Files\MSBuild\12.0\Bin;C:\Program Files\Java\jdk1.7.0_60\bin;C:\SW\DevOps_Net\apache-maven-3.3.3\bin;C:\ProgramData\Oracle\Java\javapath;C:\Windows\system32;C:\Windows;C:\Windows\System32\Wbem;C:\Windows\System32\WindowsPowerShell\v1.0\;c:\Program Files\Microsoft SQL Server\100\Tools\Binn\;c:\Program Files\Microsoft SQL Server\100\DTS\Binn\;C:\Program Files\GitExtensions\;C:\SW\SonarInstallation\sonar-runner-dist-2.4\sonar-runner-2.4\bin;C:\Program Files\Git\bin\;C:\apache-ant-1.9.5\bin;C:\SW\SonarInstallation\MSBuild.SonarQube.Runner-1.1;C:\Windows\Microsoft.NET\Framework\v4.0.30319;C:\SW\SonarInstallation\sonar-runner-dist-2.4\sonar-runner-2.4\bin;." />
    <property name="java.vendor.url" value="http://java.oracle.com/" />
    <property name="ant.file.mobilestashrepoprj" value="C:\gautam\devops\local-repo\mobilestashrepo\build.xml" />
    <property name="java.vm.vendor" value="Oracle Corporation" />
    <property name="java.runtime.name" value="Java(TM) SE Runtime Environment" />
    <property name="ant.version" value="Apache Ant(TM) version 1.9.5 compiled on May 31 2015" />
    <property name="sun.java.command" value="org.apache.tools.ant.taskdefs.optional.junit.JUnitTestRunner com.devops.alltests.JunitTestSuite skipNonTests=false filtertrace=true haltOnError=false haltOnFailure=false formatter=org.apache.tools.ant.taskdefs.optional.junit.OutErrSummaryJUnitResultFormatter showoutput=false outputtoformatters=true logfailedtests=true threadid=0 logtestlistenerevents=false formatter=org.apache.tools.ant.taskdefs.optional.junit.XMLJUnitResultFormatter,C:\gautam\devops\local-repo\mobilestashrepo\junit\TEST-com.devops.alltests.JunitTestSuite.xml crashfile=C:\gautam\devops\local-repo\mobilestashrepo\junitvmwatcher7605826747259053789.properties propsfile=C:\gautam\devops\local-repo\mobilestashrepo\junit4584153720104495227.properties" />
    <property name="java.class.path" value="C:\gautam\devops\local-repo\mobilestashrepo\build\classes;C:\gautam\devops\local-repo\mobilestashrepo\build\test-classes;C:\gautam\devops\local-repo\mobilestashrepo\WebContent\WEB-INF\lib\servlet-api.jar;C:\gautam\devops\local-repo\mobilestashrepo\WebContent\WEB-INF\lib\junit.jar;C:\gautam\devops\local-repo\mobilestashrepo\WebContent\WEB-INF\lib\jersey-server-1.17.1.jar;C:\gautam\devops\local-repo\mobilestashrepo\WebContent\WEB-INF\lib\jersey-servlet-1.17.1.jar;C:\gautam\devops\local-repo\mobilestashrepo\WebContent\WEB-INF\lib\jersey-json-1.17.1.jar;C:\gautam\devops\local-repo\mobilestashrepo\WebContent\WEB-INF\lib\jsr311-api-1.1.1.jar;C:\apache-ant-1.9.5\lib\ant-launcher.jar;C:\apache-ant-1.9.5\lib\ant.jar;C:\apache-ant-1.9.5\lib\ant-junit.jar;C:\apache-ant-1.9.5\lib\ant-junit4.jar" />
    <property name="java.vm.specification.name" value="Java Virtual Machine Specification" />
    <property name="ant.file.type" value="file" />
    <property name="env.windir" value="C:\Windows" />
    <property name="env.LOGONSERVER" value="\\DEVOPS-VDI1" />
    <property name="java.vm.specification.version" value="1.7" />
    <property name="env.PROCESSOR_ARCHITECTURE" value="x86" />
    <property name="sun.os.patch.level" value="" />
    <property name="sun.cpu.endian" value="little" />
    <property name="debuglevel" value="source,lines,vars" />
    <property name="env.ANT_HOME" value="C:\apache-ant-1.9.5" />
    <property name="env.ProgramFiles" value="C:\Program Files" />
    <property name="java.io.tmpdir" value="C:\Users\Admin\AppData\Local\Temp\" />
    <property name="env.PROCESSOR_REVISION" value="3e04" />
    <property name="java.vendor.url.bug" value="http://bugreport.sun.com/bugreport/" />
    <property name="env.SystemRoot" value="C:\Windows" />
    <property name="java.awt.graphicsenv" value="sun.awt.Win32GraphicsEnvironment" />
    <property name="os.arch" value="x86" />
    <property name="java.ext.dirs" value="C:\Program Files\Java\jdk1.7.0_60\jre\lib\ext;C:\Windows\Sun\Java\lib\ext" />
    <property name="env.LOCALAPPDATA" value="C:\Users\Admin\AppData\Local" />
    <property name="user.dir" value="C:\gautam\devops\local-repo\mobilestashrepo" />
    <property name="ant.file.type.mobilestashrepoprj" value="file" />
    <property name="line.separator" value="&#xd;&#xa;" />
    <property name="java.vm.name" value="Java HotSpot(TM) Client VM" />
    <property name="env.PATHEXT" value=".COM;.EXE;.BAT;.CMD;.VBS;.VBE;.JS;.JSE;.WSF;.WSH;.MSC" />
    <property name="env.Path" value="C:\ProgramData\Oracle\Java\javapath;C:\Windows\system32;C:\Windows;C:\Windows\System32\Wbem;C:\Windows\System32\WindowsPowerShell\v1.0\;c:\Program Files\Microsoft SQL Server\100\Tools\Binn\;c:\Program Files\Microsoft SQL Server\100\DTS\Binn\;C:\Program Files\GitExtensions\;C:\SW\SonarInstallation\sonar-runner-dist-2.4\sonar-runner-2.4\bin;C:\Program Files\Git\bin\;C:\apache-ant-1.9.5\bin;C:\Program Files\MSBuild\12.0\Bin;C:\Program Files\Java\jdk1.7.0_60\bin;C:\SW\DevOps_Net\apache-maven-3.3.3\bin;C:\ProgramData\Oracle\Java\javapath;C:\Windows\system32;C:\Windows;C:\Windows\System32\Wbem;C:\Windows\System32\WindowsPowerShell\v1.0\;c:\Program Files\Microsoft SQL Server\100\Tools\Binn\;c:\Program Files\Microsoft SQL Server\100\DTS\Binn\;C:\Program Files\GitExtensions\;C:\SW\SonarInstallation\sonar-runner-dist-2.4\sonar-runner-2.4\bin;C:\Program Files\Git\bin\;C:\apache-ant-1.9.5\bin;C:\SW\SonarInstallation\MSBuild.SonarQube.Runner-1.1;C:\Windows\Microsoft.NET\Framework\v4.0.30319;C:\SW\SonarInstallation\sonar-runner-dist-2.4\sonar-runner-2.4\bin" />
    <property name="basedir" value="C:\gautam\devops\local-repo\mobilestashrepo" />
    <property name="build-directory" value="build" />
    <property name="ant.java.version" value="1.7" />
    <property name="env.M2" value="C:\SW\DevOps_Net\apache-maven-3.3.3\bin" />
    <property name="ant.core.lib" value="C:\apache-ant-1.9.5\lib\ant.jar" />
    <property name="env.USERNAME" value="Admin" />
    <property name="source" value="1.7" />
    <property name="env.SystemDrive" value="C:" />
    <property name="file.encoding" value="Cp1252" />
    <property name="env.VS100COMNTOOLS" value="c:\Program Files\Microsoft Visual Studio 10.0\Common7\Tools\" />
    <property name="env.USERDOMAIN" value="DevOps-VDI1" />
    <property name="java.specification.version" value="1.7" />
    <property name="env.=C:" value="C:\gautam\devops\local-repo\mobilestashrepo" />
    <property name="ant.project.invoked-targets" value="build" />
    <property name="env.PROCESSOR_LEVEL" value="6" />
  </properties>
  <testcase classname="com.devops.util.MyValidatorNegativeTest1" name="testValidateFieldsAreNotEmpty" time="0.0" />
  <testcase classname="com.devops.util.MyValidatorNegativeTest1" name="testIsUserAuthenticated" time="0.001" />
  <testcase classname="com.devops.util.MyValidatorNegativeTest2" name="testValidateFieldsAreNotEmpty" time="0.001" />
  <testcase classname="com.devops.util.MyValidatorNegativeTest2" name="testIsUserAuthenticated" time="0.0" />
  <testcase classname="com.devops.util.MyValidatorNegativeTest3" name="testValidateFieldsAreNotEmpty" time="0.0" />
  <testcase classname="com.devops.util.MyValidatorNegativeTest3" name="testIsUserAuthenticated" time="0.0" />
  <testcase classname="com.devops.util.MyValidatorNegativeTest4" name="testValidateFieldsAreNotEmpty" time="0.0" />
  <testcase classname="com.devops.util.MyValidatorNegativeTest4" name="testIsUserAuthenticated" time="0.0" />
  <testcase classname="com.devops.util.MyValidatorPositiveTest1" name="testValidateFieldsAreNotEmpty" time="0.0" />
  <testcase classname="com.devops.util.MyValidatorPositiveTest1" name="testIsUserAuthenticated" time="0.0" />
  <testcase classname="com.devops.util.MyValidatorPositiveTest2" name="testValidateFieldsAreNotEmpty" time="0.0" />
  <testcase classname="com.devops.util.MyValidatorPositiveTest2" name="testIsUserAuthenticated" time="0.0" />
  <testcase classname="com.devops.util.MyValidatorPositiveTest3" name="testValidateFieldsAreNotEmpty" time="0.0" />
  <testcase classname="com.devops.util.MyValidatorPositiveTest3" name="testIsUserAuthenticated" time="0.0" />
  <system-out><![CDATA[]]></system-out>
  <system-err><![CDATA[]]></system-err>
</testsuite>
